

================================================================
== Vivado HLS Report for 'k2c_affine_matmul'
================================================================
* Date:           Tue Apr 23 19:22:44 2024

* Version:        2018.2 (Build 2258646 on Thu Jun 14 20:25:20 MDT 2018)
* Project:        Group_5_Base_line
* Solution:       Base_line
* Product family: artix7
* Target device:  xc7a200tfbg676-2


================================================================
== Performance Estimates
================================================================
+ Timing (ns): 
    * Summary: 
    +--------+-------+----------+------------+
    |  Clock | Target| Estimated| Uncertainty|
    +--------+-------+----------+------------+
    |ap_clk  |   5.00|     4.326|        0.62|
    +--------+-------+----------+------------+

+ Latency (clock cycles): 
    * Summary: 
    +-----+-----+-----+-----+---------+
    |  Latency  |  Interval | Pipeline|
    | min | max | min | max |   Type  |
    +-----+-----+-----+-----+---------+
    |    ?|    ?|    ?|    ?|   none  |
    +-----+-----+-----+-----+---------+

    + Detail: 
        * Instance: 
        N/A

        * Loop: 
        +-----------------+-----+-----+----------+-----------+-----------+------+----------+
        |                 |  Latency  | Iteration|  Initiation Interval  | Trip |          |
        |    Loop Name    | min | max |  Latency |  achieved |   target  | Count| Pipelined|
        +-----------------+-----+-----+----------+-----------+-----------+------+----------+
        |- Loop 1         |    ?|    ?|         1|          -|          -|     ?|    no    |
        |- Loop 2         |    ?|    ?|         ?|          -|          -|     ?|    no    |
        | + Loop 2.1      |    ?|    ?|         ?|          -|          -|     ?|    no    |
        |  ++ Loop 2.1.1  |    ?|    ?|        20|          -|          -|     ?|    no    |
        +-----------------+-----+-----+----------+-----------+-----------+------+----------+

============================================================
+ Verbose Summary: Synthesis Manager
============================================================
InlineROM: 1
ExposeGlobal: 0
============================================================
+ Verbose Summary: CDFG Model
============================================================
IsTopModel: 0
ResetActiveHigh: 1
IsCombinational: 0
IsDatapathOnly: 0
HasWiredReturn: 1
HasMFsm: 0
HasVarLatency: 1
IsPipeline: 0
IsRtlPipelined: 0
IsInstanceOverlapped: 0
IsDontTouch: 0
HasImplIP: 0
IsGatedGlobalClock: 0


============================================================
+ Verbose Summary: Schedule
============================================================
* Number of FSM states : 42
* Pipeline : 0
* Dataflow Pipeline: 0

* FSM state transitions: 
1 --> 
	2  / true
2 --> 
	3  / true
3 --> 
	4  / true
4 --> 
	5  / true
5 --> 
	6  / true
6 --> 
	7  / true
7 --> 
	7  / (!exitcond3)
	8  / (exitcond3)
8 --> 
	9  / (!exitcond2)
9 --> 
	10  / true
10 --> 
	11  / true
11 --> 
	12  / (!exitcond1)
	8  / (exitcond1)
12 --> 
	13  / (!exitcond)
	32  / (exitcond)
13 --> 
	14  / true
14 --> 
	15  / true
15 --> 
	16  / true
16 --> 
	17  / true
17 --> 
	18  / true
18 --> 
	19  / true
19 --> 
	20  / true
20 --> 
	21  / true
21 --> 
	22  / true
22 --> 
	23  / true
23 --> 
	24  / true
24 --> 
	25  / true
25 --> 
	26  / true
26 --> 
	27  / true
27 --> 
	28  / true
28 --> 
	29  / true
29 --> 
	30  / true
30 --> 
	31  / true
31 --> 
	12  / true
32 --> 
	33  / true
33 --> 
	34  / true
34 --> 
	35  / true
35 --> 
	36  / true
36 --> 
	37  / true
37 --> 
	38  / true
38 --> 
	39  / true
39 --> 
	40  / true
40 --> 
	41  / true
41 --> 
	42  / true
42 --> 
	11  / true

* FSM state operations: 

State 1 <SV = 0> <Delay = 4.32>
ST_1 : Operation 43 [1/1] (0.00ns)   --->   "%outcols_read = call i64 @_ssdm_op_Read.ap_auto.i64(i64 %outcols)"   --->   Operation 43 'read' 'outcols_read' <Predicate = true> <Delay = 0.00>
ST_1 : Operation 44 [1/1] (0.00ns)   --->   "%outrows_read = call i64 @_ssdm_op_Read.ap_auto.i64(i64 %outrows)"   --->   Operation 44 'read' 'outrows_read' <Predicate = true> <Delay = 0.00>
ST_1 : Operation 45 [6/6] (4.32ns)   --->   "%tmp = mul i64 %outcols_read, %outrows_read" [Group_5_Base_line/./include/k2c_helper_functions.h:72]   --->   Operation 45 'mul' 'tmp' <Predicate = true> <Delay = 4.32> <Core = "MulnS">   --->   Core 17 'MulnS' <Latency = 5> <II = 1> <Delay = 4.32> <FuncUnit> <Opcode : 'mul'> <InPorts = 2> <OutPorts = 1>

State 2 <SV = 1> <Delay = 4.32>
ST_2 : Operation 46 [5/6] (4.32ns)   --->   "%tmp = mul i64 %outcols_read, %outrows_read" [Group_5_Base_line/./include/k2c_helper_functions.h:72]   --->   Operation 46 'mul' 'tmp' <Predicate = true> <Delay = 4.32> <Core = "MulnS">   --->   Core 17 'MulnS' <Latency = 5> <II = 1> <Delay = 4.32> <FuncUnit> <Opcode : 'mul'> <InPorts = 2> <OutPorts = 1>

State 3 <SV = 2> <Delay = 4.32>
ST_3 : Operation 47 [4/6] (4.32ns)   --->   "%tmp = mul i64 %outcols_read, %outrows_read" [Group_5_Base_line/./include/k2c_helper_functions.h:72]   --->   Operation 47 'mul' 'tmp' <Predicate = true> <Delay = 4.32> <Core = "MulnS">   --->   Core 17 'MulnS' <Latency = 5> <II = 1> <Delay = 4.32> <FuncUnit> <Opcode : 'mul'> <InPorts = 2> <OutPorts = 1>

State 4 <SV = 3> <Delay = 4.32>
ST_4 : Operation 48 [3/6] (4.32ns)   --->   "%tmp = mul i64 %outcols_read, %outrows_read" [Group_5_Base_line/./include/k2c_helper_functions.h:72]   --->   Operation 48 'mul' 'tmp' <Predicate = true> <Delay = 4.32> <Core = "MulnS">   --->   Core 17 'MulnS' <Latency = 5> <II = 1> <Delay = 4.32> <FuncUnit> <Opcode : 'mul'> <InPorts = 2> <OutPorts = 1>

State 5 <SV = 4> <Delay = 4.32>
ST_5 : Operation 49 [2/6] (4.32ns)   --->   "%tmp = mul i64 %outcols_read, %outrows_read" [Group_5_Base_line/./include/k2c_helper_functions.h:72]   --->   Operation 49 'mul' 'tmp' <Predicate = true> <Delay = 4.32> <Core = "MulnS">   --->   Core 17 'MulnS' <Latency = 5> <II = 1> <Delay = 4.32> <FuncUnit> <Opcode : 'mul'> <InPorts = 2> <OutPorts = 1>

State 6 <SV = 5> <Delay = 4.32>
ST_6 : Operation 50 [1/1] (0.00ns)   --->   "%innerdim_read = call i64 @_ssdm_op_Read.ap_auto.i64(i64 %innerdim)"   --->   Operation 50 'read' 'innerdim_read' <Predicate = true> <Delay = 0.00>
ST_6 : Operation 51 [1/6] (4.32ns)   --->   "%tmp = mul i64 %outcols_read, %outrows_read" [Group_5_Base_line/./include/k2c_helper_functions.h:72]   --->   Operation 51 'mul' 'tmp' <Predicate = true> <Delay = 4.32> <Core = "MulnS">   --->   Core 17 'MulnS' <Latency = 5> <II = 1> <Delay = 4.32> <FuncUnit> <Opcode : 'mul'> <InPorts = 2> <OutPorts = 1>
ST_6 : Operation 52 [1/1] (1.35ns)   --->   "br label %1" [Group_5_Base_line/./include/k2c_helper_functions.h:72]   --->   Operation 52 'br' <Predicate = true> <Delay = 1.35>

State 7 <SV = 6> <Delay = 2.77>
ST_7 : Operation 53 [1/1] (0.00ns)   --->   "%i = phi i14 [ 0, %0 ], [ %i_72, %2 ]"   --->   Operation 53 'phi' 'i' <Predicate = true> <Delay = 0.00>
ST_7 : Operation 54 [1/1] (0.00ns)   --->   "%i_cast = zext i14 %i to i64" [Group_5_Base_line/./include/k2c_helper_functions.h:72]   --->   Operation 54 'zext' 'i_cast' <Predicate = true> <Delay = 0.00>
ST_7 : Operation 55 [1/1] (2.34ns)   --->   "%exitcond3 = icmp eq i64 %i_cast, %tmp" [Group_5_Base_line/./include/k2c_helper_functions.h:72]   --->   Operation 55 'icmp' 'exitcond3' <Predicate = true> <Delay = 2.34> <Core = "Cmp">   --->   Core 25 'Cmp' <Latency = 0> <II = 1> <Delay = 2.34> <FuncUnit> <Opcode : 'icmp'> <InPorts = 2> <OutPorts = 1>
ST_7 : Operation 56 [1/1] (1.80ns)   --->   "%i_72 = add i14 %i, 1" [Group_5_Base_line/./include/k2c_helper_functions.h:72]   --->   Operation 56 'add' 'i_72' <Predicate = true> <Delay = 1.80> <Core = "AddSub">   --->   Core 14 'AddSub' <Latency = 0> <II = 1> <Delay = 1.82> <FuncUnit> <Opcode : 'add' 'sub'> <InPorts = 2> <OutPorts = 1>
ST_7 : Operation 57 [1/1] (0.00ns)   --->   "br i1 %exitcond3, label %.preheader4.preheader, label %2" [Group_5_Base_line/./include/k2c_helper_functions.h:72]   --->   Operation 57 'br' <Predicate = true> <Delay = 0.00>
ST_7 : Operation 58 [1/1] (0.00ns)   --->   "%C_addr = getelementptr [10000 x float]* %C, i64 0, i64 %i_cast" [Group_5_Base_line/./include/k2c_helper_functions.h:74]   --->   Operation 58 'getelementptr' 'C_addr' <Predicate = (!exitcond3)> <Delay = 0.00>
ST_7 : Operation 59 [1/1] (2.77ns)   --->   "store float 0.000000e+00, float* %C_addr, align 4" [Group_5_Base_line/./include/k2c_helper_functions.h:74]   --->   Operation 59 'store' <Predicate = (!exitcond3)> <Delay = 2.77> <Core = "RAM">   --->   Core 37 'RAM' <Latency = 1> <II = 1> <Delay = 2.77> <Storage> <Opcode : 'load' 'store'> <Ports = 2> <Width = 32> <Depth = 10000> <RAM>
ST_7 : Operation 60 [1/1] (0.00ns)   --->   "br label %1" [Group_5_Base_line/./include/k2c_helper_functions.h:72]   --->   Operation 60 'br' <Predicate = (!exitcond3)> <Delay = 0.00>
ST_7 : Operation 61 [1/1] (0.00ns)   --->   "%tmp_83 = trunc i64 %outcols_read to i15" [Group_5_Base_line/./include/k2c_helper_functions.h:78]   --->   Operation 61 'trunc' 'tmp_83' <Predicate = (exitcond3)> <Delay = 0.00>
ST_7 : Operation 62 [1/1] (0.00ns)   --->   "%tmp_84 = trunc i64 %innerdim_read to i15" [Group_5_Base_line/./include/k2c_helper_functions.h:79]   --->   Operation 62 'trunc' 'tmp_84' <Predicate = (exitcond3)> <Delay = 0.00>
ST_7 : Operation 63 [1/1] (1.35ns)   --->   "br label %.preheader4" [Group_5_Base_line/./include/k2c_helper_functions.h:77]   --->   Operation 63 'br' <Predicate = (exitcond3)> <Delay = 1.35>

State 8 <SV = 7> <Delay = 3.76>
ST_8 : Operation 64 [1/1] (0.00ns)   --->   "%i_1 = phi i64 [ 0, %.preheader4.preheader ], [ %i_73, %.preheader4.loopexit ]"   --->   Operation 64 'phi' 'i_1' <Predicate = true> <Delay = 0.00>
ST_8 : Operation 65 [1/1] (0.00ns)   --->   "%tmp_85 = trunc i64 %i_1 to i15" [Group_5_Base_line/./include/k2c_helper_functions.h:77]   --->   Operation 65 'trunc' 'tmp_85' <Predicate = true> <Delay = 0.00>
ST_8 : Operation 66 [1/1] (2.34ns)   --->   "%exitcond2 = icmp eq i64 %i_1, %outrows_read" [Group_5_Base_line/./include/k2c_helper_functions.h:77]   --->   Operation 66 'icmp' 'exitcond2' <Predicate = true> <Delay = 2.34> <Core = "Cmp">   --->   Core 25 'Cmp' <Latency = 0> <II = 1> <Delay = 2.34> <FuncUnit> <Opcode : 'icmp'> <InPorts = 2> <OutPorts = 1>
ST_8 : Operation 67 [1/1] (2.99ns)   --->   "%i_73 = add i64 1, %i_1" [Group_5_Base_line/./include/k2c_helper_functions.h:77]   --->   Operation 67 'add' 'i_73' <Predicate = true> <Delay = 2.99> <Core = "AddSub">   --->   Core 14 'AddSub' <Latency = 0> <II = 1> <Delay = 1.82> <FuncUnit> <Opcode : 'add' 'sub'> <InPorts = 2> <OutPorts = 1>
ST_8 : Operation 68 [1/1] (0.00ns)   --->   "br i1 %exitcond2, label %7, label %3" [Group_5_Base_line/./include/k2c_helper_functions.h:77]   --->   Operation 68 'br' <Predicate = true> <Delay = 0.00>
ST_8 : Operation 69 [3/3] (3.76ns)   --->   "%outrowidx = mul i15 %tmp_85, %tmp_83" [Group_5_Base_line/./include/k2c_helper_functions.h:78]   --->   Operation 69 'mul' 'outrowidx' <Predicate = (!exitcond2)> <Delay = 3.76> <Core = "DSP48">   --->   Core 61 'DSP48' <Latency = 2> <II = 1> <Delay = 3.27> <IPBlock> <Opcode : 'mul' 'add' 'sub' 'select'> <InPorts = 0> <OutPorts = 1> <Sync> <CReg>
ST_8 : Operation 70 [3/3] (3.76ns)   --->   "%inneridx = mul i15 %tmp_85, %tmp_84" [Group_5_Base_line/./include/k2c_helper_functions.h:79]   --->   Operation 70 'mul' 'inneridx' <Predicate = (!exitcond2)> <Delay = 3.76> <Core = "DSP48">   --->   Core 61 'DSP48' <Latency = 2> <II = 1> <Delay = 3.27> <IPBlock> <Opcode : 'mul' 'add' 'sub' 'select'> <InPorts = 0> <OutPorts = 1> <Sync> <CReg>
ST_8 : Operation 71 [1/1] (0.00ns)   --->   "ret void" [Group_5_Base_line/./include/k2c_helper_functions.h:88]   --->   Operation 71 'ret' <Predicate = (exitcond2)> <Delay = 0.00>

State 9 <SV = 8> <Delay = 3.76>
ST_9 : Operation 72 [2/3] (3.76ns)   --->   "%outrowidx = mul i15 %tmp_85, %tmp_83" [Group_5_Base_line/./include/k2c_helper_functions.h:78]   --->   Operation 72 'mul' 'outrowidx' <Predicate = true> <Delay = 3.76> <Core = "DSP48">   --->   Core 61 'DSP48' <Latency = 2> <II = 1> <Delay = 3.27> <IPBlock> <Opcode : 'mul' 'add' 'sub' 'select'> <InPorts = 0> <OutPorts = 1> <Sync> <CReg>
ST_9 : Operation 73 [2/3] (3.76ns)   --->   "%inneridx = mul i15 %tmp_85, %tmp_84" [Group_5_Base_line/./include/k2c_helper_functions.h:79]   --->   Operation 73 'mul' 'inneridx' <Predicate = true> <Delay = 3.76> <Core = "DSP48">   --->   Core 61 'DSP48' <Latency = 2> <II = 1> <Delay = 3.27> <IPBlock> <Opcode : 'mul' 'add' 'sub' 'select'> <InPorts = 0> <OutPorts = 1> <Sync> <CReg>

State 10 <SV = 9> <Delay = 1.35>
ST_10 : Operation 74 [1/3] (0.00ns)   --->   "%outrowidx = mul i15 %tmp_85, %tmp_83" [Group_5_Base_line/./include/k2c_helper_functions.h:78]   --->   Operation 74 'mul' 'outrowidx' <Predicate = true> <Delay = 0.00> <Core = "DSP48">   --->   Core 61 'DSP48' <Latency = 2> <II = 1> <Delay = 3.27> <IPBlock> <Opcode : 'mul' 'add' 'sub' 'select'> <InPorts = 0> <OutPorts = 1> <Sync> <CReg>
ST_10 : Operation 75 [1/3] (0.00ns)   --->   "%inneridx = mul i15 %tmp_85, %tmp_84" [Group_5_Base_line/./include/k2c_helper_functions.h:79]   --->   Operation 75 'mul' 'inneridx' <Predicate = true> <Delay = 0.00> <Core = "DSP48">   --->   Core 61 'DSP48' <Latency = 2> <II = 1> <Delay = 3.27> <IPBlock> <Opcode : 'mul' 'add' 'sub' 'select'> <InPorts = 0> <OutPorts = 1> <Sync> <CReg>
ST_10 : Operation 76 [1/1] (1.35ns)   --->   "br label %4" [Group_5_Base_line/./include/k2c_helper_functions.h:80]   --->   Operation 76 'br' <Predicate = true> <Delay = 1.35>

State 11 <SV = 10> <Delay = 2.99>
ST_11 : Operation 77 [1/1] (0.00ns)   --->   "%j = phi i64 [ 0, %3 ], [ %j_12, %6 ]"   --->   Operation 77 'phi' 'j' <Predicate = true> <Delay = 0.00>
ST_11 : Operation 78 [1/1] (0.00ns)   --->   "%tmp_86 = trunc i64 %j to i15" [Group_5_Base_line/./include/k2c_helper_functions.h:80]   --->   Operation 78 'trunc' 'tmp_86' <Predicate = true> <Delay = 0.00>
ST_11 : Operation 79 [1/1] (2.34ns)   --->   "%exitcond1 = icmp eq i64 %j, %outcols_read" [Group_5_Base_line/./include/k2c_helper_functions.h:80]   --->   Operation 79 'icmp' 'exitcond1' <Predicate = true> <Delay = 2.34> <Core = "Cmp">   --->   Core 25 'Cmp' <Latency = 0> <II = 1> <Delay = 2.34> <FuncUnit> <Opcode : 'icmp'> <InPorts = 2> <OutPorts = 1>
ST_11 : Operation 80 [1/1] (2.99ns)   --->   "%j_12 = add i64 1, %j" [Group_5_Base_line/./include/k2c_helper_functions.h:80]   --->   Operation 80 'add' 'j_12' <Predicate = true> <Delay = 2.99> <Core = "AddSub">   --->   Core 14 'AddSub' <Latency = 0> <II = 1> <Delay = 1.82> <FuncUnit> <Opcode : 'add' 'sub'> <InPorts = 2> <OutPorts = 1>
ST_11 : Operation 81 [1/1] (0.00ns)   --->   "br i1 %exitcond1, label %.preheader4.loopexit, label %.preheader.preheader" [Group_5_Base_line/./include/k2c_helper_functions.h:80]   --->   Operation 81 'br' <Predicate = true> <Delay = 0.00>
ST_11 : Operation 82 [1/1] (1.82ns)   --->   "%sum2 = add i15 %tmp_86, %outrowidx" [Group_5_Base_line/./include/k2c_helper_functions.h:80]   --->   Operation 82 'add' 'sum2' <Predicate = (!exitcond1)> <Delay = 1.82> <Core = "AddSub">   --->   Core 14 'AddSub' <Latency = 0> <II = 1> <Delay = 1.82> <FuncUnit> <Opcode : 'add' 'sub'> <InPorts = 2> <OutPorts = 1>
ST_11 : Operation 83 [1/1] (0.00ns)   --->   "%sum2_cast = zext i15 %sum2 to i64" [Group_5_Base_line/./include/k2c_helper_functions.h:80]   --->   Operation 83 'zext' 'sum2_cast' <Predicate = (!exitcond1)> <Delay = 0.00>
ST_11 : Operation 84 [1/1] (0.00ns)   --->   "%C_addr_5 = getelementptr [10000 x float]* %C, i64 0, i64 %sum2_cast" [Group_5_Base_line/./include/k2c_helper_functions.h:83]   --->   Operation 84 'getelementptr' 'C_addr_5' <Predicate = (!exitcond1)> <Delay = 0.00>
ST_11 : Operation 85 [1/1] (1.35ns)   --->   "br label %.preheader" [Group_5_Base_line/./include/k2c_helper_functions.h:82]   --->   Operation 85 'br' <Predicate = (!exitcond1)> <Delay = 1.35>
ST_11 : Operation 86 [1/1] (0.00ns)   --->   "br label %.preheader4"   --->   Operation 86 'br' <Predicate = (exitcond1)> <Delay = 0.00>

State 12 <SV = 11> <Delay = 2.99>
ST_12 : Operation 87 [1/1] (0.00ns)   --->   "%k = phi i64 [ %k_2, %5 ], [ 0, %.preheader.preheader ]"   --->   Operation 87 'phi' 'k' <Predicate = true> <Delay = 0.00>
ST_12 : Operation 88 [1/1] (0.00ns)   --->   "%tmp_87 = trunc i64 %k to i15" [Group_5_Base_line/./include/k2c_helper_functions.h:82]   --->   Operation 88 'trunc' 'tmp_87' <Predicate = true> <Delay = 0.00>
ST_12 : Operation 89 [1/1] (2.34ns)   --->   "%exitcond = icmp eq i64 %k, %innerdim_read" [Group_5_Base_line/./include/k2c_helper_functions.h:82]   --->   Operation 89 'icmp' 'exitcond' <Predicate = true> <Delay = 2.34> <Core = "Cmp">   --->   Core 25 'Cmp' <Latency = 0> <II = 1> <Delay = 2.34> <FuncUnit> <Opcode : 'icmp'> <InPorts = 2> <OutPorts = 1>
ST_12 : Operation 90 [1/1] (2.99ns)   --->   "%k_2 = add i64 1, %k" [Group_5_Base_line/./include/k2c_helper_functions.h:82]   --->   Operation 90 'add' 'k_2' <Predicate = true> <Delay = 2.99> <Core = "AddSub">   --->   Core 14 'AddSub' <Latency = 0> <II = 1> <Delay = 1.82> <FuncUnit> <Opcode : 'add' 'sub'> <InPorts = 2> <OutPorts = 1>
ST_12 : Operation 91 [1/1] (0.00ns)   --->   "br i1 %exitcond, label %6, label %5" [Group_5_Base_line/./include/k2c_helper_functions.h:82]   --->   Operation 91 'br' <Predicate = true> <Delay = 0.00>
ST_12 : Operation 92 [1/1] (1.82ns)   --->   "%sum5 = add i15 %tmp_87, %inneridx" [Group_5_Base_line/./include/k2c_helper_functions.h:82]   --->   Operation 92 'add' 'sum5' <Predicate = (!exitcond)> <Delay = 1.82> <Core = "AddSub">   --->   Core 14 'AddSub' <Latency = 0> <II = 1> <Delay = 1.82> <FuncUnit> <Opcode : 'add' 'sub'> <InPorts = 2> <OutPorts = 1>
ST_12 : Operation 93 [3/3] (1.38ns)   --->   "%tmp_39 = mul i15 %tmp_87, %tmp_83" [Group_5_Base_line/./include/k2c_helper_functions.h:83]   --->   Operation 93 'mul' 'tmp_39' <Predicate = (!exitcond)> <Delay = 1.38> <Core = "DSP48">   --->   Core 61 'DSP48' <Latency = 2> <II = 1> <Delay = 3.27> <IPBlock> <Opcode : 'mul' 'add' 'sub' 'select'> <InPorts = 0> <OutPorts = 1> <Sync> <CReg>
ST_12 : Operation 94 [1/1] (0.00ns)   --->   "%d_addr = getelementptr [10000 x float]* %d, i64 0, i64 %j" [Group_5_Base_line/./include/k2c_helper_functions.h:85]   --->   Operation 94 'getelementptr' 'd_addr' <Predicate = (exitcond)> <Delay = 0.00>
ST_12 : Operation 95 [2/2] (2.77ns)   --->   "%d_load = load float* %d_addr, align 4" [Group_5_Base_line/./include/k2c_helper_functions.h:85]   --->   Operation 95 'load' 'd_load' <Predicate = (exitcond)> <Delay = 2.77> <Core = "RAM">   --->   Core 37 'RAM' <Latency = 1> <II = 1> <Delay = 2.77> <Storage> <Opcode : 'load' 'store'> <Ports = 2> <Width = 32> <Depth = 10000> <RAM>
ST_12 : Operation 96 [2/2] (2.77ns)   --->   "%C_load = load float* %C_addr_5, align 4" [Group_5_Base_line/./include/k2c_helper_functions.h:85]   --->   Operation 96 'load' 'C_load' <Predicate = (exitcond)> <Delay = 2.77> <Core = "RAM">   --->   Core 37 'RAM' <Latency = 1> <II = 1> <Delay = 2.77> <Storage> <Opcode : 'load' 'store'> <Ports = 2> <Width = 32> <Depth = 10000> <RAM>

State 13 <SV = 12> <Delay = 1.38>
ST_13 : Operation 97 [2/3] (1.38ns)   --->   "%tmp_39 = mul i15 %tmp_87, %tmp_83" [Group_5_Base_line/./include/k2c_helper_functions.h:83]   --->   Operation 97 'mul' 'tmp_39' <Predicate = true> <Delay = 1.38> <Core = "DSP48">   --->   Core 61 'DSP48' <Latency = 2> <II = 1> <Delay = 3.27> <IPBlock> <Opcode : 'mul' 'add' 'sub' 'select'> <InPorts = 0> <OutPorts = 1> <Sync> <CReg>

State 14 <SV = 13> <Delay = 3.53>
ST_14 : Operation 98 [1/3] (0.00ns)   --->   "%tmp_39 = mul i15 %tmp_87, %tmp_83" [Group_5_Base_line/./include/k2c_helper_functions.h:83]   --->   Operation 98 'mul' 'tmp_39' <Predicate = true> <Delay = 0.00> <Core = "DSP48">   --->   Core 61 'DSP48' <Latency = 2> <II = 1> <Delay = 3.27> <IPBlock> <Opcode : 'mul' 'add' 'sub' 'select'> <InPorts = 0> <OutPorts = 1> <Sync> <CReg>
ST_14 : Operation 99 [1/1] (3.53ns)   --->   "%sum8 = add i15 %tmp_39, %tmp_86" [Group_5_Base_line/./include/k2c_helper_functions.h:83]   --->   Operation 99 'add' 'sum8' <Predicate = true> <Delay = 3.53> <Core = "DSP48">   --->   Core 61 'DSP48' <Latency = 2> <II = 1> <Delay = 3.27> <IPBlock> <Opcode : 'mul' 'add' 'sub' 'select'> <InPorts = 0> <OutPorts = 1> <Sync> <CReg>

State 15 <SV = 14> <Delay = 2.77>
ST_15 : Operation 100 [1/1] (0.00ns)   --->   "%sum5_cast = zext i15 %sum5 to i64" [Group_5_Base_line/./include/k2c_helper_functions.h:82]   --->   Operation 100 'zext' 'sum5_cast' <Predicate = true> <Delay = 0.00>
ST_15 : Operation 101 [1/1] (0.00ns)   --->   "%A_addr = getelementptr [10000 x float]* %A, i64 0, i64 %sum5_cast" [Group_5_Base_line/./include/k2c_helper_functions.h:83]   --->   Operation 101 'getelementptr' 'A_addr' <Predicate = true> <Delay = 0.00>
ST_15 : Operation 102 [2/2] (2.77ns)   --->   "%A_load = load float* %A_addr, align 4" [Group_5_Base_line/./include/k2c_helper_functions.h:83]   --->   Operation 102 'load' 'A_load' <Predicate = true> <Delay = 2.77> <Core = "RAM">   --->   Core 37 'RAM' <Latency = 1> <II = 1> <Delay = 2.77> <Storage> <Opcode : 'load' 'store'> <Ports = 2> <Width = 32> <Depth = 10000> <RAM>
ST_15 : Operation 103 [1/1] (0.00ns)   --->   "%sum8_cast = zext i15 %sum8 to i64" [Group_5_Base_line/./include/k2c_helper_functions.h:83]   --->   Operation 103 'zext' 'sum8_cast' <Predicate = true> <Delay = 0.00>
ST_15 : Operation 104 [1/1] (0.00ns)   --->   "%B_addr = getelementptr [10000 x float]* %B, i64 0, i64 %sum8_cast" [Group_5_Base_line/./include/k2c_helper_functions.h:83]   --->   Operation 104 'getelementptr' 'B_addr' <Predicate = true> <Delay = 0.00>
ST_15 : Operation 105 [2/2] (2.77ns)   --->   "%B_load = load float* %B_addr, align 4" [Group_5_Base_line/./include/k2c_helper_functions.h:83]   --->   Operation 105 'load' 'B_load' <Predicate = true> <Delay = 2.77> <Core = "RAM">   --->   Core 37 'RAM' <Latency = 1> <II = 1> <Delay = 2.77> <Storage> <Opcode : 'load' 'store'> <Ports = 2> <Width = 32> <Depth = 10000> <RAM>

State 16 <SV = 15> <Delay = 2.77>
ST_16 : Operation 106 [1/2] (2.77ns)   --->   "%A_load = load float* %A_addr, align 4" [Group_5_Base_line/./include/k2c_helper_functions.h:83]   --->   Operation 106 'load' 'A_load' <Predicate = true> <Delay = 2.77> <Core = "RAM">   --->   Core 37 'RAM' <Latency = 1> <II = 1> <Delay = 2.77> <Storage> <Opcode : 'load' 'store'> <Ports = 2> <Width = 32> <Depth = 10000> <RAM>
ST_16 : Operation 107 [1/2] (2.77ns)   --->   "%B_load = load float* %B_addr, align 4" [Group_5_Base_line/./include/k2c_helper_functions.h:83]   --->   Operation 107 'load' 'B_load' <Predicate = true> <Delay = 2.77> <Core = "RAM">   --->   Core 37 'RAM' <Latency = 1> <II = 1> <Delay = 2.77> <Storage> <Opcode : 'load' 'store'> <Ports = 2> <Width = 32> <Depth = 10000> <RAM>

State 17 <SV = 16> <Delay = 3.65>
ST_17 : Operation 108 [5/5] (3.65ns)   --->   "%tmp_40 = fmul float %A_load, %B_load" [Group_5_Base_line/./include/k2c_helper_functions.h:83]   --->   Operation 108 'fmul' 'tmp_40' <Predicate = true> <Delay = 3.65> <Core = "FMul">   --->   Core 100 'FMul' <Latency = 4> <II = 1> <Delay = 3.65> <FuncUnit> <Opcode : 'fmul'> <InPorts = 2> <OutPorts = 1>

State 18 <SV = 17> <Delay = 3.65>
ST_18 : Operation 109 [4/5] (3.65ns)   --->   "%tmp_40 = fmul float %A_load, %B_load" [Group_5_Base_line/./include/k2c_helper_functions.h:83]   --->   Operation 109 'fmul' 'tmp_40' <Predicate = true> <Delay = 3.65> <Core = "FMul">   --->   Core 100 'FMul' <Latency = 4> <II = 1> <Delay = 3.65> <FuncUnit> <Opcode : 'fmul'> <InPorts = 2> <OutPorts = 1>

State 19 <SV = 18> <Delay = 3.65>
ST_19 : Operation 110 [3/5] (3.65ns)   --->   "%tmp_40 = fmul float %A_load, %B_load" [Group_5_Base_line/./include/k2c_helper_functions.h:83]   --->   Operation 110 'fmul' 'tmp_40' <Predicate = true> <Delay = 3.65> <Core = "FMul">   --->   Core 100 'FMul' <Latency = 4> <II = 1> <Delay = 3.65> <FuncUnit> <Opcode : 'fmul'> <InPorts = 2> <OutPorts = 1>

State 20 <SV = 19> <Delay = 3.65>
ST_20 : Operation 111 [2/5] (3.65ns)   --->   "%tmp_40 = fmul float %A_load, %B_load" [Group_5_Base_line/./include/k2c_helper_functions.h:83]   --->   Operation 111 'fmul' 'tmp_40' <Predicate = true> <Delay = 3.65> <Core = "FMul">   --->   Core 100 'FMul' <Latency = 4> <II = 1> <Delay = 3.65> <FuncUnit> <Opcode : 'fmul'> <InPorts = 2> <OutPorts = 1>
ST_20 : Operation 112 [2/2] (2.77ns)   --->   "%C_load_1 = load float* %C_addr_5, align 4" [Group_5_Base_line/./include/k2c_helper_functions.h:83]   --->   Operation 112 'load' 'C_load_1' <Predicate = true> <Delay = 2.77> <Core = "RAM">   --->   Core 37 'RAM' <Latency = 1> <II = 1> <Delay = 2.77> <Storage> <Opcode : 'load' 'store'> <Ports = 2> <Width = 32> <Depth = 10000> <RAM>

State 21 <SV = 20> <Delay = 3.65>
ST_21 : Operation 113 [1/5] (3.65ns)   --->   "%tmp_40 = fmul float %A_load, %B_load" [Group_5_Base_line/./include/k2c_helper_functions.h:83]   --->   Operation 113 'fmul' 'tmp_40' <Predicate = true> <Delay = 3.65> <Core = "FMul">   --->   Core 100 'FMul' <Latency = 4> <II = 1> <Delay = 3.65> <FuncUnit> <Opcode : 'fmul'> <InPorts = 2> <OutPorts = 1>
ST_21 : Operation 114 [1/2] (2.77ns)   --->   "%C_load_1 = load float* %C_addr_5, align 4" [Group_5_Base_line/./include/k2c_helper_functions.h:83]   --->   Operation 114 'load' 'C_load_1' <Predicate = true> <Delay = 2.77> <Core = "RAM">   --->   Core 37 'RAM' <Latency = 1> <II = 1> <Delay = 2.77> <Storage> <Opcode : 'load' 'store'> <Ports = 2> <Width = 32> <Depth = 10000> <RAM>

State 22 <SV = 21> <Delay = 3.51>
ST_22 : Operation 115 [9/9] (3.51ns)   --->   "%tmp_41 = fadd float %C_load_1, %tmp_40" [Group_5_Base_line/./include/k2c_helper_functions.h:83]   --->   Operation 115 'fadd' 'tmp_41' <Predicate = true> <Delay = 3.51> <Core = "FAddSub">   --->   Core 99 'FAddSub' <Latency = 8> <II = 1> <Delay = 3.51> <FuncUnit> <Opcode : 'fadd' 'fsub'> <InPorts = 2> <OutPorts = 1>

State 23 <SV = 22> <Delay = 3.51>
ST_23 : Operation 116 [8/9] (3.51ns)   --->   "%tmp_41 = fadd float %C_load_1, %tmp_40" [Group_5_Base_line/./include/k2c_helper_functions.h:83]   --->   Operation 116 'fadd' 'tmp_41' <Predicate = true> <Delay = 3.51> <Core = "FAddSub">   --->   Core 99 'FAddSub' <Latency = 8> <II = 1> <Delay = 3.51> <FuncUnit> <Opcode : 'fadd' 'fsub'> <InPorts = 2> <OutPorts = 1>

State 24 <SV = 23> <Delay = 3.51>
ST_24 : Operation 117 [7/9] (3.51ns)   --->   "%tmp_41 = fadd float %C_load_1, %tmp_40" [Group_5_Base_line/./include/k2c_helper_functions.h:83]   --->   Operation 117 'fadd' 'tmp_41' <Predicate = true> <Delay = 3.51> <Core = "FAddSub">   --->   Core 99 'FAddSub' <Latency = 8> <II = 1> <Delay = 3.51> <FuncUnit> <Opcode : 'fadd' 'fsub'> <InPorts = 2> <OutPorts = 1>

State 25 <SV = 24> <Delay = 3.51>
ST_25 : Operation 118 [6/9] (3.51ns)   --->   "%tmp_41 = fadd float %C_load_1, %tmp_40" [Group_5_Base_line/./include/k2c_helper_functions.h:83]   --->   Operation 118 'fadd' 'tmp_41' <Predicate = true> <Delay = 3.51> <Core = "FAddSub">   --->   Core 99 'FAddSub' <Latency = 8> <II = 1> <Delay = 3.51> <FuncUnit> <Opcode : 'fadd' 'fsub'> <InPorts = 2> <OutPorts = 1>

State 26 <SV = 25> <Delay = 3.51>
ST_26 : Operation 119 [5/9] (3.51ns)   --->   "%tmp_41 = fadd float %C_load_1, %tmp_40" [Group_5_Base_line/./include/k2c_helper_functions.h:83]   --->   Operation 119 'fadd' 'tmp_41' <Predicate = true> <Delay = 3.51> <Core = "FAddSub">   --->   Core 99 'FAddSub' <Latency = 8> <II = 1> <Delay = 3.51> <FuncUnit> <Opcode : 'fadd' 'fsub'> <InPorts = 2> <OutPorts = 1>

State 27 <SV = 26> <Delay = 3.51>
ST_27 : Operation 120 [4/9] (3.51ns)   --->   "%tmp_41 = fadd float %C_load_1, %tmp_40" [Group_5_Base_line/./include/k2c_helper_functions.h:83]   --->   Operation 120 'fadd' 'tmp_41' <Predicate = true> <Delay = 3.51> <Core = "FAddSub">   --->   Core 99 'FAddSub' <Latency = 8> <II = 1> <Delay = 3.51> <FuncUnit> <Opcode : 'fadd' 'fsub'> <InPorts = 2> <OutPorts = 1>

State 28 <SV = 27> <Delay = 3.51>
ST_28 : Operation 121 [3/9] (3.51ns)   --->   "%tmp_41 = fadd float %C_load_1, %tmp_40" [Group_5_Base_line/./include/k2c_helper_functions.h:83]   --->   Operation 121 'fadd' 'tmp_41' <Predicate = true> <Delay = 3.51> <Core = "FAddSub">   --->   Core 99 'FAddSub' <Latency = 8> <II = 1> <Delay = 3.51> <FuncUnit> <Opcode : 'fadd' 'fsub'> <InPorts = 2> <OutPorts = 1>

State 29 <SV = 28> <Delay = 3.51>
ST_29 : Operation 122 [2/9] (3.51ns)   --->   "%tmp_41 = fadd float %C_load_1, %tmp_40" [Group_5_Base_line/./include/k2c_helper_functions.h:83]   --->   Operation 122 'fadd' 'tmp_41' <Predicate = true> <Delay = 3.51> <Core = "FAddSub">   --->   Core 99 'FAddSub' <Latency = 8> <II = 1> <Delay = 3.51> <FuncUnit> <Opcode : 'fadd' 'fsub'> <InPorts = 2> <OutPorts = 1>

State 30 <SV = 29> <Delay = 3.51>
ST_30 : Operation 123 [1/9] (3.51ns)   --->   "%tmp_41 = fadd float %C_load_1, %tmp_40" [Group_5_Base_line/./include/k2c_helper_functions.h:83]   --->   Operation 123 'fadd' 'tmp_41' <Predicate = true> <Delay = 3.51> <Core = "FAddSub">   --->   Core 99 'FAddSub' <Latency = 8> <II = 1> <Delay = 3.51> <FuncUnit> <Opcode : 'fadd' 'fsub'> <InPorts = 2> <OutPorts = 1>

State 31 <SV = 30> <Delay = 2.77>
ST_31 : Operation 124 [1/1] (2.77ns)   --->   "store float %tmp_41, float* %C_addr_5, align 4" [Group_5_Base_line/./include/k2c_helper_functions.h:83]   --->   Operation 124 'store' <Predicate = true> <Delay = 2.77> <Core = "RAM">   --->   Core 37 'RAM' <Latency = 1> <II = 1> <Delay = 2.77> <Storage> <Opcode : 'load' 'store'> <Ports = 2> <Width = 32> <Depth = 10000> <RAM>
ST_31 : Operation 125 [1/1] (0.00ns)   --->   "br label %.preheader" [Group_5_Base_line/./include/k2c_helper_functions.h:82]   --->   Operation 125 'br' <Predicate = true> <Delay = 0.00>

State 32 <SV = 12> <Delay = 2.77>
ST_32 : Operation 126 [1/2] (2.77ns)   --->   "%d_load = load float* %d_addr, align 4" [Group_5_Base_line/./include/k2c_helper_functions.h:85]   --->   Operation 126 'load' 'd_load' <Predicate = true> <Delay = 2.77> <Core = "RAM">   --->   Core 37 'RAM' <Latency = 1> <II = 1> <Delay = 2.77> <Storage> <Opcode : 'load' 'store'> <Ports = 2> <Width = 32> <Depth = 10000> <RAM>
ST_32 : Operation 127 [1/2] (2.77ns)   --->   "%C_load = load float* %C_addr_5, align 4" [Group_5_Base_line/./include/k2c_helper_functions.h:85]   --->   Operation 127 'load' 'C_load' <Predicate = true> <Delay = 2.77> <Core = "RAM">   --->   Core 37 'RAM' <Latency = 1> <II = 1> <Delay = 2.77> <Storage> <Opcode : 'load' 'store'> <Ports = 2> <Width = 32> <Depth = 10000> <RAM>

State 33 <SV = 13> <Delay = 3.51>
ST_33 : Operation 128 [9/9] (3.51ns)   --->   "%tmp_s = fadd float %C_load, %d_load" [Group_5_Base_line/./include/k2c_helper_functions.h:85]   --->   Operation 128 'fadd' 'tmp_s' <Predicate = true> <Delay = 3.51> <Core = "FAddSub">   --->   Core 99 'FAddSub' <Latency = 8> <II = 1> <Delay = 3.51> <FuncUnit> <Opcode : 'fadd' 'fsub'> <InPorts = 2> <OutPorts = 1>

State 34 <SV = 14> <Delay = 3.51>
ST_34 : Operation 129 [8/9] (3.51ns)   --->   "%tmp_s = fadd float %C_load, %d_load" [Group_5_Base_line/./include/k2c_helper_functions.h:85]   --->   Operation 129 'fadd' 'tmp_s' <Predicate = true> <Delay = 3.51> <Core = "FAddSub">   --->   Core 99 'FAddSub' <Latency = 8> <II = 1> <Delay = 3.51> <FuncUnit> <Opcode : 'fadd' 'fsub'> <InPorts = 2> <OutPorts = 1>

State 35 <SV = 15> <Delay = 3.51>
ST_35 : Operation 130 [7/9] (3.51ns)   --->   "%tmp_s = fadd float %C_load, %d_load" [Group_5_Base_line/./include/k2c_helper_functions.h:85]   --->   Operation 130 'fadd' 'tmp_s' <Predicate = true> <Delay = 3.51> <Core = "FAddSub">   --->   Core 99 'FAddSub' <Latency = 8> <II = 1> <Delay = 3.51> <FuncUnit> <Opcode : 'fadd' 'fsub'> <InPorts = 2> <OutPorts = 1>

State 36 <SV = 16> <Delay = 3.51>
ST_36 : Operation 131 [6/9] (3.51ns)   --->   "%tmp_s = fadd float %C_load, %d_load" [Group_5_Base_line/./include/k2c_helper_functions.h:85]   --->   Operation 131 'fadd' 'tmp_s' <Predicate = true> <Delay = 3.51> <Core = "FAddSub">   --->   Core 99 'FAddSub' <Latency = 8> <II = 1> <Delay = 3.51> <FuncUnit> <Opcode : 'fadd' 'fsub'> <InPorts = 2> <OutPorts = 1>

State 37 <SV = 17> <Delay = 3.51>
ST_37 : Operation 132 [5/9] (3.51ns)   --->   "%tmp_s = fadd float %C_load, %d_load" [Group_5_Base_line/./include/k2c_helper_functions.h:85]   --->   Operation 132 'fadd' 'tmp_s' <Predicate = true> <Delay = 3.51> <Core = "FAddSub">   --->   Core 99 'FAddSub' <Latency = 8> <II = 1> <Delay = 3.51> <FuncUnit> <Opcode : 'fadd' 'fsub'> <InPorts = 2> <OutPorts = 1>

State 38 <SV = 18> <Delay = 3.51>
ST_38 : Operation 133 [4/9] (3.51ns)   --->   "%tmp_s = fadd float %C_load, %d_load" [Group_5_Base_line/./include/k2c_helper_functions.h:85]   --->   Operation 133 'fadd' 'tmp_s' <Predicate = true> <Delay = 3.51> <Core = "FAddSub">   --->   Core 99 'FAddSub' <Latency = 8> <II = 1> <Delay = 3.51> <FuncUnit> <Opcode : 'fadd' 'fsub'> <InPorts = 2> <OutPorts = 1>

State 39 <SV = 19> <Delay = 3.51>
ST_39 : Operation 134 [3/9] (3.51ns)   --->   "%tmp_s = fadd float %C_load, %d_load" [Group_5_Base_line/./include/k2c_helper_functions.h:85]   --->   Operation 134 'fadd' 'tmp_s' <Predicate = true> <Delay = 3.51> <Core = "FAddSub">   --->   Core 99 'FAddSub' <Latency = 8> <II = 1> <Delay = 3.51> <FuncUnit> <Opcode : 'fadd' 'fsub'> <InPorts = 2> <OutPorts = 1>

State 40 <SV = 20> <Delay = 3.51>
ST_40 : Operation 135 [2/9] (3.51ns)   --->   "%tmp_s = fadd float %C_load, %d_load" [Group_5_Base_line/./include/k2c_helper_functions.h:85]   --->   Operation 135 'fadd' 'tmp_s' <Predicate = true> <Delay = 3.51> <Core = "FAddSub">   --->   Core 99 'FAddSub' <Latency = 8> <II = 1> <Delay = 3.51> <FuncUnit> <Opcode : 'fadd' 'fsub'> <InPorts = 2> <OutPorts = 1>

State 41 <SV = 21> <Delay = 3.51>
ST_41 : Operation 136 [1/9] (3.51ns)   --->   "%tmp_s = fadd float %C_load, %d_load" [Group_5_Base_line/./include/k2c_helper_functions.h:85]   --->   Operation 136 'fadd' 'tmp_s' <Predicate = true> <Delay = 3.51> <Core = "FAddSub">   --->   Core 99 'FAddSub' <Latency = 8> <II = 1> <Delay = 3.51> <FuncUnit> <Opcode : 'fadd' 'fsub'> <InPorts = 2> <OutPorts = 1>

State 42 <SV = 22> <Delay = 2.77>
ST_42 : Operation 137 [1/1] (2.77ns)   --->   "store float %tmp_s, float* %C_addr_5, align 4" [Group_5_Base_line/./include/k2c_helper_functions.h:85]   --->   Operation 137 'store' <Predicate = true> <Delay = 2.77> <Core = "RAM">   --->   Core 37 'RAM' <Latency = 1> <II = 1> <Delay = 2.77> <Storage> <Opcode : 'load' 'store'> <Ports = 2> <Width = 32> <Depth = 10000> <RAM>
ST_42 : Operation 138 [1/1] (0.00ns)   --->   "br label %4" [Group_5_Base_line/./include/k2c_helper_functions.h:80]   --->   Operation 138 'br' <Predicate = true> <Delay = 0.00>


============================================================
+ Verbose Summary: Timing violations
============================================================
Target clock period: 5ns, clock uncertainty: 0.625ns.

 <State 1>: 4.33ns
The critical path consists of the following:
	wire read on port 'outcols' [9]  (0 ns)
	'mul' operation ('tmp', Group_5_Base_line/./include/k2c_helper_functions.h:72) [11]  (4.33 ns)

 <State 2>: 4.33ns
The critical path consists of the following:
	'mul' operation ('tmp', Group_5_Base_line/./include/k2c_helper_functions.h:72) [11]  (4.33 ns)

 <State 3>: 4.33ns
The critical path consists of the following:
	'mul' operation ('tmp', Group_5_Base_line/./include/k2c_helper_functions.h:72) [11]  (4.33 ns)

 <State 4>: 4.33ns
The critical path consists of the following:
	'mul' operation ('tmp', Group_5_Base_line/./include/k2c_helper_functions.h:72) [11]  (4.33 ns)

 <State 5>: 4.33ns
The critical path consists of the following:
	'mul' operation ('tmp', Group_5_Base_line/./include/k2c_helper_functions.h:72) [11]  (4.33 ns)

 <State 6>: 4.33ns
The critical path consists of the following:
	'mul' operation ('tmp', Group_5_Base_line/./include/k2c_helper_functions.h:72) [11]  (4.33 ns)

 <State 7>: 2.77ns
The critical path consists of the following:
	'phi' operation ('i') with incoming values : ('i', Group_5_Base_line/./include/k2c_helper_functions.h:72) [14]  (0 ns)
	'getelementptr' operation ('C_addr', Group_5_Base_line/./include/k2c_helper_functions.h:74) [20]  (0 ns)
	'store' operation (Group_5_Base_line/./include/k2c_helper_functions.h:74) of constant 0 on array 'C' [21]  (2.77 ns)

 <State 8>: 3.76ns
The critical path consists of the following:
	'phi' operation ('i') with incoming values : ('i', Group_5_Base_line/./include/k2c_helper_functions.h:77) [28]  (0 ns)
	'mul' operation ('outrowidx', Group_5_Base_line/./include/k2c_helper_functions.h:78) [34]  (3.76 ns)

 <State 9>: 3.76ns
The critical path consists of the following:
	'mul' operation ('outrowidx', Group_5_Base_line/./include/k2c_helper_functions.h:78) [34]  (3.76 ns)

 <State 10>: 1.35ns
The critical path consists of the following:
	multiplexor before 'phi' operation ('j') with incoming values : ('j', Group_5_Base_line/./include/k2c_helper_functions.h:80) [38]  (1.35 ns)

 <State 11>: 3ns
The critical path consists of the following:
	'phi' operation ('j') with incoming values : ('j', Group_5_Base_line/./include/k2c_helper_functions.h:80) [38]  (0 ns)
	'add' operation ('j', Group_5_Base_line/./include/k2c_helper_functions.h:80) [41]  (3 ns)

 <State 12>: 3ns
The critical path consists of the following:
	'phi' operation ('k') with incoming values : ('k', Group_5_Base_line/./include/k2c_helper_functions.h:82) [49]  (0 ns)
	'add' operation ('k', Group_5_Base_line/./include/k2c_helper_functions.h:82) [52]  (3 ns)

 <State 13>: 1.38ns
The critical path consists of the following:
	'mul' operation ('tmp_39', Group_5_Base_line/./include/k2c_helper_functions.h:83) [59]  (1.38 ns)

 <State 14>: 3.53ns
The critical path consists of the following:
	'mul' operation ('tmp_39', Group_5_Base_line/./include/k2c_helper_functions.h:83) [59]  (0 ns)
	'add' operation ('sum8', Group_5_Base_line/./include/k2c_helper_functions.h:83) [60]  (3.53 ns)

 <State 15>: 2.77ns
The critical path consists of the following:
	'getelementptr' operation ('A_addr', Group_5_Base_line/./include/k2c_helper_functions.h:83) [57]  (0 ns)
	'load' operation ('A_load', Group_5_Base_line/./include/k2c_helper_functions.h:83) on array 'A' [58]  (2.77 ns)

 <State 16>: 2.77ns
The critical path consists of the following:
	'load' operation ('A_load', Group_5_Base_line/./include/k2c_helper_functions.h:83) on array 'A' [58]  (2.77 ns)

 <State 17>: 3.66ns
The critical path consists of the following:
	'fmul' operation ('tmp_40', Group_5_Base_line/./include/k2c_helper_functions.h:83) [64]  (3.66 ns)

 <State 18>: 3.66ns
The critical path consists of the following:
	'fmul' operation ('tmp_40', Group_5_Base_line/./include/k2c_helper_functions.h:83) [64]  (3.66 ns)

 <State 19>: 3.66ns
The critical path consists of the following:
	'fmul' operation ('tmp_40', Group_5_Base_line/./include/k2c_helper_functions.h:83) [64]  (3.66 ns)

 <State 20>: 3.66ns
The critical path consists of the following:
	'fmul' operation ('tmp_40', Group_5_Base_line/./include/k2c_helper_functions.h:83) [64]  (3.66 ns)

 <State 21>: 3.66ns
The critical path consists of the following:
	'fmul' operation ('tmp_40', Group_5_Base_line/./include/k2c_helper_functions.h:83) [64]  (3.66 ns)

 <State 22>: 3.51ns
The critical path consists of the following:
	'fadd' operation ('tmp_41', Group_5_Base_line/./include/k2c_helper_functions.h:83) [66]  (3.51 ns)

 <State 23>: 3.51ns
The critical path consists of the following:
	'fadd' operation ('tmp_41', Group_5_Base_line/./include/k2c_helper_functions.h:83) [66]  (3.51 ns)

 <State 24>: 3.51ns
The critical path consists of the following:
	'fadd' operation ('tmp_41', Group_5_Base_line/./include/k2c_helper_functions.h:83) [66]  (3.51 ns)

 <State 25>: 3.51ns
The critical path consists of the following:
	'fadd' operation ('tmp_41', Group_5_Base_line/./include/k2c_helper_functions.h:83) [66]  (3.51 ns)

 <State 26>: 3.51ns
The critical path consists of the following:
	'fadd' operation ('tmp_41', Group_5_Base_line/./include/k2c_helper_functions.h:83) [66]  (3.51 ns)

 <State 27>: 3.51ns
The critical path consists of the following:
	'fadd' operation ('tmp_41', Group_5_Base_line/./include/k2c_helper_functions.h:83) [66]  (3.51 ns)

 <State 28>: 3.51ns
The critical path consists of the following:
	'fadd' operation ('tmp_41', Group_5_Base_line/./include/k2c_helper_functions.h:83) [66]  (3.51 ns)

 <State 29>: 3.51ns
The critical path consists of the following:
	'fadd' operation ('tmp_41', Group_5_Base_line/./include/k2c_helper_functions.h:83) [66]  (3.51 ns)

 <State 30>: 3.51ns
The critical path consists of the following:
	'fadd' operation ('tmp_41', Group_5_Base_line/./include/k2c_helper_functions.h:83) [66]  (3.51 ns)

 <State 31>: 2.77ns
The critical path consists of the following:
	'store' operation (Group_5_Base_line/./include/k2c_helper_functions.h:83) of variable 'tmp_41', Group_5_Base_line/./include/k2c_helper_functions.h:83 on array 'C' [67]  (2.77 ns)

 <State 32>: 2.77ns
The critical path consists of the following:
	'load' operation ('d_load', Group_5_Base_line/./include/k2c_helper_functions.h:85) on array 'd' [71]  (2.77 ns)

 <State 33>: 3.51ns
The critical path consists of the following:
	'fadd' operation ('tmp_s', Group_5_Base_line/./include/k2c_helper_functions.h:85) [73]  (3.51 ns)

 <State 34>: 3.51ns
The critical path consists of the following:
	'fadd' operation ('tmp_s', Group_5_Base_line/./include/k2c_helper_functions.h:85) [73]  (3.51 ns)

 <State 35>: 3.51ns
The critical path consists of the following:
	'fadd' operation ('tmp_s', Group_5_Base_line/./include/k2c_helper_functions.h:85) [73]  (3.51 ns)

 <State 36>: 3.51ns
The critical path consists of the following:
	'fadd' operation ('tmp_s', Group_5_Base_line/./include/k2c_helper_functions.h:85) [73]  (3.51 ns)

 <State 37>: 3.51ns
The critical path consists of the following:
	'fadd' operation ('tmp_s', Group_5_Base_line/./include/k2c_helper_functions.h:85) [73]  (3.51 ns)

 <State 38>: 3.51ns
The critical path consists of the following:
	'fadd' operation ('tmp_s', Group_5_Base_line/./include/k2c_helper_functions.h:85) [73]  (3.51 ns)

 <State 39>: 3.51ns
The critical path consists of the following:
	'fadd' operation ('tmp_s', Group_5_Base_line/./include/k2c_helper_functions.h:85) [73]  (3.51 ns)

 <State 40>: 3.51ns
The critical path consists of the following:
	'fadd' operation ('tmp_s', Group_5_Base_line/./include/k2c_helper_functions.h:85) [73]  (3.51 ns)

 <State 41>: 3.51ns
The critical path consists of the following:
	'fadd' operation ('tmp_s', Group_5_Base_line/./include/k2c_helper_functions.h:85) [73]  (3.51 ns)

 <State 42>: 2.77ns
The critical path consists of the following:
	'store' operation (Group_5_Base_line/./include/k2c_helper_functions.h:85) of variable 'tmp_s', Group_5_Base_line/./include/k2c_helper_functions.h:85 on array 'C' [74]  (2.77 ns)


============================================================
+ Verbose Summary: Binding
============================================================
N/A
* FSMD analyzer results:
  - Output states:
 - Input state : 
  - Chain level:
	State 1
	State 2
	State 3
	State 4
	State 5
	State 6
	State 7
	State 8
	State 9
	State 10
	State 11
	State 12
	State 13
	State 14
	State 15
	State 16
	State 17
	State 18
	State 19
	State 20
	State 21
	State 22
	State 23
	State 24
	State 25
	State 26
	State 27
	State 28
	State 29
	State 30
	State 31
	State 32
	State 33
	State 34
	State 35
	State 36
	State 37
	State 38
	State 39
	State 40
	State 41
	State 42


============================================================
+ Verbose Summary: Datapath Resource usage 
============================================================
N/A
